==5461== Memcheck, a memory error detector
==5461== Copyright (C) 2002-2013, and GNU GPL'd, by Julian Seward et al.
==5461== Using Valgrind-3.10.1 and LibVEX; rerun with -h for copyright info
==5461== Command: ./run
==5461== Parent PID: 3057
==5461== 
--5461-- 
--5461-- Valgrind options:
--5461--    --leak-check=full
--5461--    --log-file=logfile.out
--5461--    -v
--5461-- Contents of /proc/version:
--5461--   Linux version 4.2.0-35-generic (buildd@lgw01-58) (gcc version 4.8.2 (Ubuntu 4.8.2-19ubuntu1) ) #40~14.04.1-Ubuntu SMP Fri Mar 18 16:37:35 UTC 2016
--5461-- Arch and hwcaps: AMD64, LittleEndian, amd64-cx16-rdtscp-sse3
--5461-- Page sizes: currently 4096, max supported 4096
--5461-- Valgrind library directory: /usr/lib/valgrind
--5461-- Reading syms from /home/alex/Program/BoostHTTPSServer/BoostHTMLServer3/run
--5461-- Reading syms from /lib/x86_64-linux-gnu/ld-2.19.so
--5461--   Considering /lib/x86_64-linux-gnu/ld-2.19.so ..
--5461--   .. CRC mismatch (computed ef2bc4a1 wanted 12987a55)
--5461--   Considering /usr/lib/debug/lib/x86_64-linux-gnu/ld-2.19.so ..
--5461--   .. CRC is valid
--5461-- Reading syms from /usr/lib/valgrind/memcheck-amd64-linux
--5461--   Considering /usr/lib/valgrind/memcheck-amd64-linux ..
--5461--   .. CRC mismatch (computed 4f1eed43 wanted a323a3ab)
--5461--    object doesn't have a symbol table
--5461--    object doesn't have a dynamic symbol table
--5461-- Scheduler: using generic scheduler lock implementation.
--5461-- Reading suppressions file: /usr/lib/valgrind/default.supp
==5461== embedded gdbserver: reading from /tmp/vgdb-pipe-from-vgdb-to-5461-by-alex-on-???
==5461== embedded gdbserver: writing to   /tmp/vgdb-pipe-to-vgdb-from-5461-by-alex-on-???
==5461== embedded gdbserver: shared mem   /tmp/vgdb-pipe-shared-mem-vgdb-5461-by-alex-on-???
==5461== 
==5461== TO CONTROL THIS PROCESS USING vgdb (which you probably
==5461== don't want to do, unless you know exactly what you're doing,
==5461== or are doing some strange experiment):
==5461==   /usr/lib/valgrind/../../bin/vgdb --pid=5461 ...command...
==5461== 
==5461== TO DEBUG THIS PROCESS USING GDB: start GDB like this
==5461==   /path/to/gdb ./run
==5461== and then give GDB the following command
==5461==   target remote | /usr/lib/valgrind/../../bin/vgdb --pid=5461
==5461== --pid is optional if only one valgrind process is running
==5461== 
--5461-- REDIR: 0x4019ca0 (ld-linux-x86-64.so.2:strlen) redirected to 0x380764b1 (???)
--5461-- Reading syms from /usr/lib/valgrind/vgpreload_core-amd64-linux.so
--5461--   Considering /usr/lib/valgrind/vgpreload_core-amd64-linux.so ..
--5461--   .. CRC mismatch (computed fc68135e wanted 45f5e986)
--5461--    object doesn't have a symbol table
--5461-- Reading syms from /usr/lib/valgrind/vgpreload_memcheck-amd64-linux.so
--5461--   Considering /usr/lib/valgrind/vgpreload_memcheck-amd64-linux.so ..
--5461--   .. CRC mismatch (computed ae683f7e wanted 08c06df2)
--5461--    object doesn't have a symbol table
==5461== WARNING: new redirection conflicts with existing -- ignoring it
--5461--     old: 0x04019ca0 (strlen              ) R-> (0000.0) 0x380764b1 ???
--5461--     new: 0x04019ca0 (strlen              ) R-> (2007.0) 0x04c2e1a0 strlen
--5461-- REDIR: 0x4019a50 (ld-linux-x86-64.so.2:index) redirected to 0x4c2dd50 (index)
--5461-- REDIR: 0x4019c70 (ld-linux-x86-64.so.2:strcmp) redirected to 0x4c2f2f0 (strcmp)
--5461-- REDIR: 0x401a9c0 (ld-linux-x86-64.so.2:mempcpy) redirected to 0x4c31da0 (mempcpy)
--5461-- Reading syms from /usr/lib/x86_64-linux-gnu/libboost_system.so.1.54.0
--5461--    object doesn't have a symbol table
--5461-- Reading syms from /usr/local/lib/libprotobuf.so.10.0.0
--5461-- Reading syms from /lib/x86_64-linux-gnu/libcrypto.so.1.0.0
--5461--    object doesn't have a symbol table
--5461-- Reading syms from /lib/x86_64-linux-gnu/libssl.so.1.0.0
--5461--    object doesn't have a symbol table
--5461-- Reading syms from /usr/lib/x86_64-linux-gnu/libstdc++.so.6.0.19
--5461--   Considering /usr/lib/x86_64-linux-gnu/libstdc++.so.6.0.19 ..
--5461--   .. CRC mismatch (computed 5ce96d3c wanted bf86fabd)
--5461--    object doesn't have a symbol table
--5461-- Reading syms from /lib/x86_64-linux-gnu/libgcc_s.so.1
--5461--   Considering /lib/x86_64-linux-gnu/libgcc_s.so.1 ..
--5461--   .. CRC mismatch (computed 6116126e wanted 54e3f1f2)
--5461--    object doesn't have a symbol table
--5461-- Reading syms from /lib/x86_64-linux-gnu/libc-2.19.so
--5461--   Considering /lib/x86_64-linux-gnu/libc-2.19.so ..
--5461--   .. CRC mismatch (computed 600bae51 wanted b4d0580d)
--5461--   Considering /usr/lib/debug/lib/x86_64-linux-gnu/libc-2.19.so ..
--5461--   .. CRC is valid
--5461-- Reading syms from /lib/x86_64-linux-gnu/libpthread-2.19.so
--5461--   Considering /lib/x86_64-linux-gnu/libpthread-2.19.so ..
--5461--   .. CRC mismatch (computed 4841b2fb wanted eec353ab)
--5461--   Considering /usr/lib/debug/lib/x86_64-linux-gnu/libpthread-2.19.so ..
--5461--   .. CRC is valid
--5461-- Reading syms from /lib/x86_64-linux-gnu/libz.so.1.2.8
--5461--    object doesn't have a symbol table
--5461-- Reading syms from /lib/x86_64-linux-gnu/libm-2.19.so
--5461--   Considering /lib/x86_64-linux-gnu/libm-2.19.so ..
--5461--   .. CRC mismatch (computed 0fbb5cf0 wanted cac31e3b)
--5461--   Considering /usr/lib/debug/lib/x86_64-linux-gnu/libm-2.19.so ..
--5461--   .. CRC is valid
--5461-- Reading syms from /lib/x86_64-linux-gnu/libdl-2.19.so
--5461--   Considering /lib/x86_64-linux-gnu/libdl-2.19.so ..
--5461--   .. CRC mismatch (computed f1ad1153 wanted 4c149e5f)
--5461--   Considering /usr/lib/debug/lib/x86_64-linux-gnu/libdl-2.19.so ..
--5461--   .. CRC is valid
--5461-- REDIR: 0x6056d60 (libc.so.6:strcasecmp) redirected to 0x4a25720 (_vgnU_ifunc_wrapper)
--5461-- REDIR: 0x6059050 (libc.so.6:strncasecmp) redirected to 0x4a25720 (_vgnU_ifunc_wrapper)
--5461-- REDIR: 0x6056530 (libc.so.6:memcpy@GLIBC_2.2.5) redirected to 0x4a25720 (_vgnU_ifunc_wrapper)
--5461-- REDIR: 0x6051070 (libc.so.6:strcmp) redirected to 0x4a25720 (_vgnU_ifunc_wrapper)
--5461-- REDIR: 0x60547c0 (libc.so.6:rindex) redirected to 0x4c2da30 (rindex)
--5461-- REDIR: 0x6052ac0 (libc.so.6:strlen) redirected to 0x4c2e0e0 (strlen)
--5461-- REDIR: 0x5b0ed90 (libstdc++.so.6:operator new(unsigned long)) redirected to 0x4c2b070 (operator new(unsigned long))
--5461-- REDIR: 0x611a090 (libc.so.6:__memmove_ssse3_back) redirected to 0x4c2f450 (memcpy@GLIBC_2.2.5)
--5461-- REDIR: 0x5b0d0f0 (libstdc++.so.6:operator delete(void*)) redirected to 0x4c2c250 (operator delete(void*))
--5461-- REDIR: 0x60565c0 (libc.so.6:memset) redirected to 0x4c31350 (memset)
--5461-- REDIR: 0x605b730 (libc.so.6:memcpy@@GLIBC_2.14) redirected to 0x4a25720 (_vgnU_ifunc_wrapper)
--5461-- REDIR: 0x6061fd0 (libc.so.6:__memcpy_sse2_unaligned) redirected to 0x4c2f6b0 (memcpy@@GLIBC_2.14)
--5461-- REDIR: 0x5b0eea0 (libstdc++.so.6:operator new[](unsigned long)) redirected to 0x4c2b790 (operator new[](unsigned long))
--5461-- REDIR: 0x5b0d120 (libstdc++.so.6:operator delete[](void*)) redirected to 0x4c2c7d0 (operator delete[](void*))
--5461-- REDIR: 0x6055f60 (libc.so.6:bcmp) redirected to 0x4a25720 (_vgnU_ifunc_wrapper)
--5461-- REDIR: 0x612a060 (libc.so.6:__memcmp_sse4_1) redirected to 0x4c30c00 (__memcmp_sse4_1)
--5461-- REDIR: 0x6061d20 (libc.so.6:__strcmp_sse2_unaligned) redirected to 0x4c2f1b0 (strcmp)
--5461-- REDIR: 0x6055fa0 (libc.so.6:__GI_memcmp) redirected to 0x4c30b80 (__GI_memcmp)
--5461-- REDIR: 0x604c750 (libc.so.6:malloc) redirected to 0x4c2ab10 (malloc)
--5461-- REDIR: 0x604cef0 (libc.so.6:realloc) redirected to 0x4c2ce10 (realloc)
--5461-- REDIR: 0x604cdf0 (libc.so.6:free) redirected to 0x4c2bd80 (free)
--5461-- REDIR: 0x605b780 (libc.so.6:__GI_memcpy) redirected to 0x4c2fc90 (__GI_memcpy)
--5461-- REDIR: 0x6052f30 (libc.so.6:__GI_strncmp) redirected to 0x4c2e930 (__GI_strncmp)
--5461-- REDIR: 0x6056bf0 (libc.so.6:__GI_stpcpy) redirected to 0x4c30da0 (__GI_stpcpy)
--5461-- REDIR: 0x6054780 (libc.so.6:strncpy) redirected to 0x4a25720 (_vgnU_ifunc_wrapper)
--5461-- REDIR: 0x60671c0 (libc.so.6:__strncpy_sse2_unaligned) redirected to 0x4c2e770 (__strncpy_sse2_unaligned)
--5461-- REDIR: 0x604d220 (libc.so.6:calloc) redirected to 0x4c2cbf0 (calloc)
--5461-- REDIR: 0x6052ee0 (libc.so.6:strncmp) redirected to 0x4a25720 (_vgnU_ifunc_wrapper)
--5461-- REDIR: 0x610b460 (libc.so.6:__strncmp_ssse3) redirected to 0x4c2e8c0 (strncmp)
--5461-- REDIR: 0xffffffffff600400 (???:???) redirected to 0x3807649d (???)
--5461-- REDIR: 0x6055410 (libc.so.6:__GI_strstr) redirected to 0x4c32030 (__strstr_sse2)
--5461-- REDIR: 0x6055c10 (libc.so.6:memchr) redirected to 0x4c2f390 (memchr)
--5461-- REDIR: 0x611ecf0 (libc.so.6:__strncasecmp_ssse3) redirected to 0x4c2eb60 (strncasecmp)
==5461== Thread 2:
==5461== Invalid read of size 1
==5461==    at 0x4C2E0F4: strlen (in /usr/lib/valgrind/vgpreload_memcheck-amd64-linux.so)
==5461==    by 0x5B44EB8: std::basic_ostream<char, std::char_traits<char> >& std::operator<< <std::char_traits<char> >(std::basic_ostream<char, std::char_traits<char> >&, char const*) (in /usr/lib/x86_64-linux-gnu/libstdc++.so.6.0.19)
==5461==    by 0x40E79C: websocket::HeaderManager::decryptHeaderFromBigEndian(char*, unsigned int, bool&, boost::shared_ptr<websocket::dataframe>, unsigned int) (in /home/alex/Program/BoostHTTPSServer/BoostHTMLServer3/run)
==5461==    by 0x40E342: websocket::HeaderManager::decryptHeader(char*, unsigned int, bool&, boost::shared_ptr<websocket::dataframe>, unsigned int) (in /home/alex/Program/BoostHTTPSServer/BoostHTMLServer3/run)
==5461==    by 0x42BE7B: websocket::TCPConnection::asyncReceive(boost::system::error_code const&, unsigned int) (in /home/alex/Program/BoostHTTPSServer/BoostHTMLServer3/run)
==5461==    by 0x43778C: void boost::_mfi::mf2<void, websocket::TCPConnection, boost::system::error_code const&, unsigned int>::call<boost::shared_ptr<websocket::TCPConnection>, boost::system::error_code const, unsigned int>(boost::shared_ptr<websocket::TCPConnection>&, void const*, boost::system::error_code const&, unsigned int&) const (in /home/alex/Program/BoostHTTPSServer/BoostHTMLServer3/run)
==5461==    by 0x43619B: void boost::_mfi::mf2<void, websocket::TCPConnection, boost::system::error_code const&, unsigned int>::operator()<boost::shared_ptr<websocket::TCPConnection> >(boost::shared_ptr<websocket::TCPConnection>&, boost::system::error_code const&, unsigned int) const (in /home/alex/Program/BoostHTTPSServer/BoostHTMLServer3/run)
==5461==    by 0x4352D6: void boost::_bi::list3<boost::_bi::value<boost::shared_ptr<websocket::TCPConnection> >, boost::arg<1> (*)(), boost::arg<2> (*)()>::operator()<boost::_mfi::mf2<void, websocket::TCPConnection, boost::system::error_code const&, unsigned int>, boost::_bi::list2<boost::system::error_code const&, unsigned long const&> >(boost::_bi::type<void>, boost::_mfi::mf2<void, websocket::TCPConnection, boost::system::error_code const&, unsigned int>&, boost::_bi::list2<boost::system::error_code const&, unsigned long const&>&, int) (in /home/alex/Program/BoostHTTPSServer/BoostHTMLServer3/run)
==5461==    by 0x433C61: void boost::_bi::bind_t<void, boost::_mfi::mf2<void, websocket::TCPConnection, boost::system::error_code const&, unsigned int>, boost::_bi::list3<boost::_bi::value<boost::shared_ptr<websocket::TCPConnection> >, boost::arg<1> (*)(), boost::arg<2> (*)()> >::operator()<boost::system::error_code, unsigned long>(boost::system::error_code const&, unsigned long const&) (in /home/alex/Program/BoostHTTPSServer/BoostHTMLServer3/run)
==5461==    by 0x43298E: void boost::asio::ssl::detail::read_op<boost::asio::mutable_buffers_1>::call_handler<boost::_bi::bind_t<void, boost::_mfi::mf2<void, websocket::TCPConnection, boost::system::error_code const&, unsigned int>, boost::_bi::list3<boost::_bi::value<boost::shared_ptr<websocket::TCPConnection> >, boost::arg<1> (*)(), boost::arg<2> (*)()> > >(boost::_bi::bind_t<void, boost::_mfi::mf2<void, websocket::TCPConnection, boost::system::error_code const&, unsigned int>, boost::_bi::list3<boost::_bi::value<boost::shared_ptr<websocket::TCPConnection> >, boost::arg<1> (*)(), boost::arg<2> (*)()> >&, boost::system::error_code const&, unsigned long const&) const (in /home/alex/Program/BoostHTTPSServer/BoostHTMLServer3/run)
==5461==    by 0x4317E1: boost::asio::ssl::detail::io_op<boost::asio::basic_stream_socket<boost::asio::ip::tcp, boost::asio::stream_socket_service<boost::asio::ip::tcp> >, boost::asio::ssl::detail::read_op<boost::asio::mutable_buffers_1>, boost::_bi::bind_t<void, boost::_mfi::mf2<void, websocket::TCPConnection, boost::system::error_code const&, unsigned int>, boost::_bi::list3<boost::_bi::value<boost::shared_ptr<websocket::TCPConnection> >, boost::arg<1> (*)(), boost::arg<2> (*)()> > >::operator()(boost::system::error_code, unsigned long, int) (in /home/alex/Program/BoostHTTPSServer/BoostHTMLServer3/run)
==5461==    by 0x43B32D: boost::asio::detail::binder2<boost::asio::ssl::detail::io_op<boost::asio::basic_stream_socket<boost::asio::ip::tcp, boost::asio::stream_socket_service<boost::asio::ip::tcp> >, boost::asio::ssl::detail::read_op<boost::asio::mutable_buffers_1>, boost::_bi::bind_t<void, boost::_mfi::mf2<void, websocket::TCPConnection, boost::system::error_code const&, unsigned int>, boost::_bi::list3<boost::_bi::value<boost::shared_ptr<websocket::TCPConnection> >, boost::arg<1> (*)(), boost::arg<2> (*)()> > >, boost::system::error_code, unsigned long>::operator()() (in /home/alex/Program/BoostHTTPSServer/BoostHTMLServer3/run)
==5461==  Address 0x6ddb056 is 0 bytes after a block of size 6 alloc'd
==5461==    at 0x4C2B800: operator new[](unsigned long) (in /usr/lib/valgrind/vgpreload_memcheck-amd64-linux.so)
==5461==    by 0x40E74E: websocket::HeaderManager::decryptHeaderFromBigEndian(char*, unsigned int, bool&, boost::shared_ptr<websocket::dataframe>, unsigned int) (in /home/alex/Program/BoostHTTPSServer/BoostHTMLServer3/run)
==5461==    by 0x40E342: websocket::HeaderManager::decryptHeader(char*, unsigned int, bool&, boost::shared_ptr<websocket::dataframe>, unsigned int) (in /home/alex/Program/BoostHTTPSServer/BoostHTMLServer3/run)
==5461==    by 0x42BE7B: websocket::TCPConnection::asyncReceive(boost::system::error_code const&, unsigned int) (in /home/alex/Program/BoostHTTPSServer/BoostHTMLServer3/run)
==5461==    by 0x43778C: void boost::_mfi::mf2<void, websocket::TCPConnection, boost::system::error_code const&, unsigned int>::call<boost::shared_ptr<websocket::TCPConnection>, boost::system::error_code const, unsigned int>(boost::shared_ptr<websocket::TCPConnection>&, void const*, boost::system::error_code const&, unsigned int&) const (in /home/alex/Program/BoostHTTPSServer/BoostHTMLServer3/run)
==5461==    by 0x43619B: void boost::_mfi::mf2<void, websocket::TCPConnection, boost::system::error_code const&, unsigned int>::operator()<boost::shared_ptr<websocket::TCPConnection> >(boost::shared_ptr<websocket::TCPConnection>&, boost::system::error_code const&, unsigned int) const (in /home/alex/Program/BoostHTTPSServer/BoostHTMLServer3/run)
==5461==    by 0x4352D6: void boost::_bi::list3<boost::_bi::value<boost::shared_ptr<websocket::TCPConnection> >, boost::arg<1> (*)(), boost::arg<2> (*)()>::operator()<boost::_mfi::mf2<void, websocket::TCPConnection, boost::system::error_code const&, unsigned int>, boost::_bi::list2<boost::system::error_code const&, unsigned long const&> >(boost::_bi::type<void>, boost::_mfi::mf2<void, websocket::TCPConnection, boost::system::error_code const&, unsigned int>&, boost::_bi::list2<boost::system::error_code const&, unsigned long const&>&, int) (in /home/alex/Program/BoostHTTPSServer/BoostHTMLServer3/run)
==5461==    by 0x433C61: void boost::_bi::bind_t<void, boost::_mfi::mf2<void, websocket::TCPConnection, boost::system::error_code const&, unsigned int>, boost::_bi::list3<boost::_bi::value<boost::shared_ptr<websocket::TCPConnection> >, boost::arg<1> (*)(), boost::arg<2> (*)()> >::operator()<boost::system::error_code, unsigned long>(boost::system::error_code const&, unsigned long const&) (in /home/alex/Program/BoostHTTPSServer/BoostHTMLServer3/run)
==5461==    by 0x43298E: void boost::asio::ssl::detail::read_op<boost::asio::mutable_buffers_1>::call_handler<boost::_bi::bind_t<void, boost::_mfi::mf2<void, websocket::TCPConnection, boost::system::error_code const&, unsigned int>, boost::_bi::list3<boost::_bi::value<boost::shared_ptr<websocket::TCPConnection> >, boost::arg<1> (*)(), boost::arg<2> (*)()> > >(boost::_bi::bind_t<void, boost::_mfi::mf2<void, websocket::TCPConnection, boost::system::error_code const&, unsigned int>, boost::_bi::list3<boost::_bi::value<boost::shared_ptr<websocket::TCPConnection> >, boost::arg<1> (*)(), boost::arg<2> (*)()> >&, boost::system::error_code const&, unsigned long const&) const (in /home/alex/Program/BoostHTTPSServer/BoostHTMLServer3/run)
==5461==    by 0x4317E1: boost::asio::ssl::detail::io_op<boost::asio::basic_stream_socket<boost::asio::ip::tcp, boost::asio::stream_socket_service<boost::asio::ip::tcp> >, boost::asio::ssl::detail::read_op<boost::asio::mutable_buffers_1>, boost::_bi::bind_t<void, boost::_mfi::mf2<void, websocket::TCPConnection, boost::system::error_code const&, unsigned int>, boost::_bi::list3<boost::_bi::value<boost::shared_ptr<websocket::TCPConnection> >, boost::arg<1> (*)(), boost::arg<2> (*)()> > >::operator()(boost::system::error_code, unsigned long, int) (in /home/alex/Program/BoostHTTPSServer/BoostHTMLServer3/run)
==5461==    by 0x43B32D: boost::asio::detail::binder2<boost::asio::ssl::detail::io_op<boost::asio::basic_stream_socket<boost::asio::ip::tcp, boost::asio::stream_socket_service<boost::asio::ip::tcp> >, boost::asio::ssl::detail::read_op<boost::asio::mutable_buffers_1>, boost::_bi::bind_t<void, boost::_mfi::mf2<void, websocket::TCPConnection, boost::system::error_code const&, unsigned int>, boost::_bi::list3<boost::_bi::value<boost::shared_ptr<websocket::TCPConnection> >, boost::arg<1> (*)(), boost::arg<2> (*)()> > >, boost::system::error_code, unsigned long>::operator()() (in /home/alex/Program/BoostHTTPSServer/BoostHTMLServer3/run)
==5461==    by 0x43ACE8: void boost::asio::asio_handler_invoke<boost::asio::detail::binder2<boost::asio::ssl::detail::io_op<boost::asio::basic_stream_socket<boost::asio::ip::tcp, boost::asio::stream_socket_service<boost::asio::ip::tcp> >, boost::asio::ssl::detail::read_op<boost::asio::mutable_buffers_1>, boost::_bi::bind_t<void, boost::_mfi::mf2<void, websocket::TCPConnection, boost::system::error_code const&, unsigned int>, boost::_bi::list3<boost::_bi::value<boost::shared_ptr<websocket::TCPConnection> >, boost::arg<1> (*)(), boost::arg<2> (*)()> > >, boost::system::error_code, unsigned long> >(boost::asio::detail::binder2<boost::asio::ssl::detail::io_op<boost::asio::basic_stream_socket<boost::asio::ip::tcp, boost::asio::stream_socket_service<boost::asio::ip::tcp> >, boost::asio::ssl::detail::read_op<boost::asio::mutable_buffers_1>, boost::_bi::bind_t<void, boost::_mfi::mf2<void, websocket::TCPConnection, boost::system::error_code const&, unsigned int>, boost::_bi::list3<boost::_bi::value<boost::shared_ptr<websocket::TCPConnection> >, boost::arg<1> (*)(), boost::arg<2> (*)()> > >, boost::system::error_code, unsigned long>, ...) (in /home/alex/Program/BoostHTTPSServer/BoostHTMLServer3/run)
==5461== 
==5461== 
==5461== HEAP SUMMARY:
==5461==     in use at exit: 4,396 bytes in 24 blocks
==5461==   total heap usage: 6,234 allocs, 6,210 frees, 654,187 bytes allocated
==5461== 
==5461== Searching for pointers to 24 not-freed blocks
==5461== Checked 8,737,288 bytes
==5461== 
==5461== Thread 1:
==5461== 19 bytes in 1 blocks are definitely lost in loss record 3 of 20
==5461==    at 0x4C2B800: operator new[](unsigned long) (in /usr/lib/valgrind/vgpreload_memcheck-amd64-linux.so)
==5461==    by 0x42BD72: websocket::TCPConnection::asyncReceive(boost::system::error_code const&, unsigned int) (in /home/alex/Program/BoostHTTPSServer/BoostHTMLServer3/run)
==5461==    by 0x43778C: void boost::_mfi::mf2<void, websocket::TCPConnection, boost::system::error_code const&, unsigned int>::call<boost::shared_ptr<websocket::TCPConnection>, boost::system::error_code const, unsigned int>(boost::shared_ptr<websocket::TCPConnection>&, void const*, boost::system::error_code const&, unsigned int&) const (in /home/alex/Program/BoostHTTPSServer/BoostHTMLServer3/run)
==5461==    by 0x43619B: void boost::_mfi::mf2<void, websocket::TCPConnection, boost::system::error_code const&, unsigned int>::operator()<boost::shared_ptr<websocket::TCPConnection> >(boost::shared_ptr<websocket::TCPConnection>&, boost::system::error_code const&, unsigned int) const (in /home/alex/Program/BoostHTTPSServer/BoostHTMLServer3/run)
==5461==    by 0x4352D6: void boost::_bi::list3<boost::_bi::value<boost::shared_ptr<websocket::TCPConnection> >, boost::arg<1> (*)(), boost::arg<2> (*)()>::operator()<boost::_mfi::mf2<void, websocket::TCPConnection, boost::system::error_code const&, unsigned int>, boost::_bi::list2<boost::system::error_code const&, unsigned long const&> >(boost::_bi::type<void>, boost::_mfi::mf2<void, websocket::TCPConnection, boost::system::error_code const&, unsigned int>&, boost::_bi::list2<boost::system::error_code const&, unsigned long const&>&, int) (in /home/alex/Program/BoostHTTPSServer/BoostHTMLServer3/run)
==5461==    by 0x433C61: void boost::_bi::bind_t<void, boost::_mfi::mf2<void, websocket::TCPConnection, boost::system::error_code const&, unsigned int>, boost::_bi::list3<boost::_bi::value<boost::shared_ptr<websocket::TCPConnection> >, boost::arg<1> (*)(), boost::arg<2> (*)()> >::operator()<boost::system::error_code, unsigned long>(boost::system::error_code const&, unsigned long const&) (in /home/alex/Program/BoostHTTPSServer/BoostHTMLServer3/run)
==5461==    by 0x43298E: void boost::asio::ssl::detail::read_op<boost::asio::mutable_buffers_1>::call_handler<boost::_bi::bind_t<void, boost::_mfi::mf2<void, websocket::TCPConnection, boost::system::error_code const&, unsigned int>, boost::_bi::list3<boost::_bi::value<boost::shared_ptr<websocket::TCPConnection> >, boost::arg<1> (*)(), boost::arg<2> (*)()> > >(boost::_bi::bind_t<void, boost::_mfi::mf2<void, websocket::TCPConnection, boost::system::error_code const&, unsigned int>, boost::_bi::list3<boost::_bi::value<boost::shared_ptr<websocket::TCPConnection> >, boost::arg<1> (*)(), boost::arg<2> (*)()> >&, boost::system::error_code const&, unsigned long const&) const (in /home/alex/Program/BoostHTTPSServer/BoostHTMLServer3/run)
==5461==    by 0x4317E1: boost::asio::ssl::detail::io_op<boost::asio::basic_stream_socket<boost::asio::ip::tcp, boost::asio::stream_socket_service<boost::asio::ip::tcp> >, boost::asio::ssl::detail::read_op<boost::asio::mutable_buffers_1>, boost::_bi::bind_t<void, boost::_mfi::mf2<void, websocket::TCPConnection, boost::system::error_code const&, unsigned int>, boost::_bi::list3<boost::_bi::value<boost::shared_ptr<websocket::TCPConnection> >, boost::arg<1> (*)(), boost::arg<2> (*)()> > >::operator()(boost::system::error_code, unsigned long, int) (in /home/alex/Program/BoostHTTPSServer/BoostHTMLServer3/run)
==5461==    by 0x43B32D: boost::asio::detail::binder2<boost::asio::ssl::detail::io_op<boost::asio::basic_stream_socket<boost::asio::ip::tcp, boost::asio::stream_socket_service<boost::asio::ip::tcp> >, boost::asio::ssl::detail::read_op<boost::asio::mutable_buffers_1>, boost::_bi::bind_t<void, boost::_mfi::mf2<void, websocket::TCPConnection, boost::system::error_code const&, unsigned int>, boost::_bi::list3<boost::_bi::value<boost::shared_ptr<websocket::TCPConnection> >, boost::arg<1> (*)(), boost::arg<2> (*)()> > >, boost::system::error_code, unsigned long>::operator()() (in /home/alex/Program/BoostHTTPSServer/BoostHTMLServer3/run)
==5461==    by 0x43ACE8: void boost::asio::asio_handler_invoke<boost::asio::detail::binder2<boost::asio::ssl::detail::io_op<boost::asio::basic_stream_socket<boost::asio::ip::tcp, boost::asio::stream_socket_service<boost::asio::ip::tcp> >, boost::asio::ssl::detail::read_op<boost::asio::mutable_buffers_1>, boost::_bi::bind_t<void, boost::_mfi::mf2<void, websocket::TCPConnection, boost::system::error_code const&, unsigned int>, boost::_bi::list3<boost::_bi::value<boost::shared_ptr<websocket::TCPConnection> >, boost::arg<1> (*)(), boost::arg<2> (*)()> > >, boost::system::error_code, unsigned long> >(boost::asio::detail::binder2<boost::asio::ssl::detail::io_op<boost::asio::basic_stream_socket<boost::asio::ip::tcp, boost::asio::stream_socket_service<boost::asio::ip::tcp> >, boost::asio::ssl::detail::read_op<boost::asio::mutable_buffers_1>, boost::_bi::bind_t<void, boost::_mfi::mf2<void, websocket::TCPConnection, boost::system::error_code const&, unsigned int>, boost::_bi::list3<boost::_bi::value<boost::shared_ptr<websocket::TCPConnection> >, boost::arg<1> (*)(), boost::arg<2> (*)()> > >, boost::system::error_code, unsigned long>, ...) (in /home/alex/Program/BoostHTTPSServer/BoostHTMLServer3/run)
==5461==    by 0x43A3CC: void boost_asio_handler_invoke_helpers::invoke<boost::asio::detail::binder2<boost::asio::ssl::detail::io_op<boost::asio::basic_stream_socket<boost::asio::ip::tcp, boost::asio::stream_socket_service<boost::asio::ip::tcp> >, boost::asio::ssl::detail::read_op<boost::asio::mutable_buffers_1>, boost::_bi::bind_t<void, boost::_mfi::mf2<void, websocket::TCPConnection, boost::system::error_code const&, unsigned int>, boost::_bi::list3<boost::_bi::value<boost::shared_ptr<websocket::TCPConnection> >, boost::arg<1> (*)(), boost::arg<2> (*)()> > >, boost::system::error_code, unsigned long>, boost::_bi::bind_t<void, boost::_mfi::mf2<void, websocket::TCPConnection, boost::system::error_code const&, unsigned int>, boost::_bi::list3<boost::_bi::value<boost::shared_ptr<websocket::TCPConnection> >, boost::arg<1> (*)(), boost::arg<2> (*)()> > >(boost::asio::detail::binder2<boost::asio::ssl::detail::io_op<boost::asio::basic_stream_socket<boost::asio::ip::tcp, boost::asio::stream_socket_service<boost::asio::ip::tcp> >, boost::asio::ssl::detail::read_op<boost::asio::mutable_buffers_1>, boost::_bi::bind_t<void, boost::_mfi::mf2<void, websocket::TCPConnection, boost::system::error_code const&, unsigned int>, boost::_bi::list3<boost::_bi::value<boost::shared_ptr<websocket::TCPConnection> >, boost::arg<1> (*)(), boost::arg<2> (*)()> > >, boost::system::error_code, unsigned long>&, boost::_bi::bind_t<void, boost::_mfi::mf2<void, websocket::TCPConnection, boost::system::error_code const&, unsigned int>, boost::_bi::list3<boost::_bi::value<boost::shared_ptr<websocket::TCPConnection> >, boost::arg<1> (*)(), boost::arg<2> (*)()> >&) (in /home/alex/Program/BoostHTTPSServer/BoostHTMLServer3/run)
==5461==    by 0x439337: void boost::asio::ssl::detail::asio_handler_invoke<boost::asio::detail::binder2<boost::asio::ssl::detail::io_op<boost::asio::basic_stream_socket<boost::asio::ip::tcp, boost::asio::stream_socket_service<boost::asio::ip::tcp> >, boost::asio::ssl::detail::read_op<boost::asio::mutable_buffers_1>, boost::_bi::bind_t<void, boost::_mfi::mf2<void, websocket::TCPConnection, boost::system::error_code const&, unsigned int>, boost::_bi::list3<boost::_bi::value<boost::shared_ptr<websocket::TCPConnection> >, boost::arg<1> (*)(), boost::arg<2> (*)()> > >, boost::system::error_code, unsigned long>, boost::asio::basic_stream_socket<boost::asio::ip::tcp, boost::asio::stream_socket_service<boost::asio::ip::tcp> >, boost::asio::ssl::detail::read_op<boost::asio::mutable_buffers_1>, boost::_bi::bind_t<void, boost::_mfi::mf2<void, websocket::TCPConnection, boost::system::error_code const&, unsigned int>, boost::_bi::list3<boost::_bi::value<boost::shared_ptr<websocket::TCPConnection> >, boost::arg<1> (*)(), boost::arg<2> (*)()> > >(boost::asio::detail::binder2<boost::asio::ssl::detail::io_op<boost::asio::basic_stream_socket<boost::asio::ip::tcp, boost::asio::stream_socket_service<boost::asio::ip::tcp> >, boost::asio::ssl::detail::read_op<boost::asio::mutable_buffers_1>, boost::_bi::bind_t<void, boost::_mfi::mf2<void, websocket::TCPConnection, boost::system::error_code const&, unsigned int>, boost::_bi::list3<boost::_bi::value<boost::shared_ptr<websocket::TCPConnection> >, boost::arg<1> (*)(), boost::arg<2> (*)()> > >, boost::system::error_code, unsigned long>&, boost::asio::ssl::detail::io_op<boost::asio::basic_stream_socket<boost::asio::ip::tcp, boost::asio::stream_socket_service<boost::asio::ip::tcp> >, boost::asio::ssl::detail::read_op<boost::asio::mutable_buffers_1>, boost::_bi::bind_t<void, boost::_mfi::mf2<void, websocket::TCPConnection, boost::system::error_code const&, unsigned int>, boost::_bi::list3<boost::_bi::value<boost::shared_ptr<websocket::TCPConnection> >, boost::arg<1> (*)(), boost::arg<2> (*)()> > >*) (in /home/alex/Program/BoostHTTPSServer/BoostHTMLServer3/run)
==5461== 
==5461== 24 (16 direct, 8 indirect) bytes in 2 blocks are definitely lost in loss record 6 of 20
==5461==    at 0x4C2B0E0: operator new(unsigned long) (in /usr/lib/valgrind/vgpreload_memcheck-amd64-linux.so)
==5461==    by 0x42B173: websocket::TCPConnection::TCPConnection(websocket::PacketManager*, boost::asio::ssl::stream<boost::asio::basic_stream_socket<boost::asio::ip::tcp, boost::asio::stream_socket_service<boost::asio::ip::tcp> > >*) (in /home/alex/Program/BoostHTTPSServer/BoostHTMLServer3/run)
==5461==    by 0x41E1BF: websocket::TCPAcceptor::asyncAccept(boost::system::error_code const&) (in /home/alex/Program/BoostHTTPSServer/BoostHTMLServer3/run)
==5461==    by 0x42A699: boost::_mfi::mf1<void, websocket::TCPAcceptor, boost::system::error_code const&>::operator()(websocket::TCPAcceptor*, boost::system::error_code const&) const (in /home/alex/Program/BoostHTTPSServer/BoostHTMLServer3/run)
==5461==    by 0x42A5A2: void boost::_bi::list2<boost::_bi::value<websocket::TCPAcceptor*>, boost::arg<1> (*)()>::operator()<boost::_mfi::mf1<void, websocket::TCPAcceptor, boost::system::error_code const&>, boost::_bi::list1<boost::system::error_code const&> >(boost::_bi::type<void>, boost::_mfi::mf1<void, websocket::TCPAcceptor, boost::system::error_code const&>&, boost::_bi::list1<boost::system::error_code const&>&, int) (in /home/alex/Program/BoostHTTPSServer/BoostHTMLServer3/run)
==5461==    by 0x42A487: void boost::_bi::bind_t<void, boost::_mfi::mf1<void, websocket::TCPAcceptor, boost::system::error_code const&>, boost::_bi::list2<boost::_bi::value<websocket::TCPAcceptor*>, boost::arg<1> (*)()> >::operator()<boost::system::error_code>(boost::system::error_code const&) (in /home/alex/Program/BoostHTTPSServer/BoostHTMLServer3/run)
==5461==    by 0x42A39A: boost::asio::detail::binder1<boost::_bi::bind_t<void, boost::_mfi::mf1<void, websocket::TCPAcceptor, boost::system::error_code const&>, boost::_bi::list2<boost::_bi::value<websocket::TCPAcceptor*>, boost::arg<1> (*)()> >, boost::system::error_code>::operator()() (in /home/alex/Program/BoostHTTPSServer/BoostHTMLServer3/run)
==5461==    by 0x42A15E: void boost::asio::asio_handler_invoke<boost::asio::detail::binder1<boost::_bi::bind_t<void, boost::_mfi::mf1<void, websocket::TCPAcceptor, boost::system::error_code const&>, boost::_bi::list2<boost::_bi::value<websocket::TCPAcceptor*>, boost::arg<1> (*)()> >, boost::system::error_code> >(boost::asio::detail::binder1<boost::_bi::bind_t<void, boost::_mfi::mf1<void, websocket::TCPAcceptor, boost::system::error_code const&>, boost::_bi::list2<boost::_bi::value<websocket::TCPAcceptor*>, boost::arg<1> (*)()> >, boost::system::error_code>, ...) (in /home/alex/Program/BoostHTTPSServer/BoostHTMLServer3/run)
==5461==    by 0x429D95: void boost_asio_handler_invoke_helpers::invoke<boost::asio::detail::binder1<boost::_bi::bind_t<void, boost::_mfi::mf1<void, websocket::TCPAcceptor, boost::system::error_code const&>, boost::_bi::list2<boost::_bi::value<websocket::TCPAcceptor*>, boost::arg<1> (*)()> >, boost::system::error_code>, boost::_bi::bind_t<void, boost::_mfi::mf1<void, websocket::TCPAcceptor, boost::system::error_code const&>, boost::_bi::list2<boost::_bi::value<websocket::TCPAcceptor*>, boost::arg<1> (*)()> > >(boost::asio::detail::binder1<boost::_bi::bind_t<void, boost::_mfi::mf1<void, websocket::TCPAcceptor, boost::system::error_code const&>, boost::_bi::list2<boost::_bi::value<websocket::TCPAcceptor*>, boost::arg<1> (*)()> >, boost::system::error_code>&, boost::_bi::bind_t<void, boost::_mfi::mf1<void, websocket::TCPAcceptor, boost::system::error_code const&>, boost::_bi::list2<boost::_bi::value<websocket::TCPAcceptor*>, boost::arg<1> (*)()> >&) (in /home/alex/Program/BoostHTTPSServer/BoostHTMLServer3/run)
==5461==    by 0x4296D9: boost::asio::detail::reactive_socket_accept_op<boost::asio::basic_socket<boost::asio::ip::tcp, boost::asio::stream_socket_service<boost::asio::ip::tcp> >, boost::asio::ip::tcp, boost::_bi::bind_t<void, boost::_mfi::mf1<void, websocket::TCPAcceptor, boost::system::error_code const&>, boost::_bi::list2<boost::_bi::value<websocket::TCPAcceptor*>, boost::arg<1> (*)()> > >::do_complete(boost::asio::detail::task_io_service*, boost::asio::detail::task_io_service_operation*, boost::system::error_code const&, unsigned long) (in /home/alex/Program/BoostHTTPSServer/BoostHTMLServer3/run)
==5461==    by 0x4190E7: boost::asio::detail::task_io_service_operation::complete(boost::asio::detail::task_io_service&, boost::system::error_code const&, unsigned long) (in /home/alex/Program/BoostHTTPSServer/BoostHTMLServer3/run)
==5461==    by 0x4204A2: boost::asio::detail::epoll_reactor::descriptor_state::do_complete(boost::asio::detail::task_io_service*, boost::asio::detail::task_io_service_operation*, boost::system::error_code const&, unsigned long) (in /home/alex/Program/BoostHTTPSServer/BoostHTMLServer3/run)
==5461== 
==5461== 24 (16 direct, 8 indirect) bytes in 2 blocks are definitely lost in loss record 7 of 20
==5461==    at 0x4C2B0E0: operator new(unsigned long) (in /usr/lib/valgrind/vgpreload_memcheck-amd64-linux.so)
==5461==    by 0x42B190: websocket::TCPConnection::TCPConnection(websocket::PacketManager*, boost::asio::ssl::stream<boost::asio::basic_stream_socket<boost::asio::ip::tcp, boost::asio::stream_socket_service<boost::asio::ip::tcp> > >*) (in /home/alex/Program/BoostHTTPSServer/BoostHTMLServer3/run)
==5461==    by 0x41E1BF: websocket::TCPAcceptor::asyncAccept(boost::system::error_code const&) (in /home/alex/Program/BoostHTTPSServer/BoostHTMLServer3/run)
==5461==    by 0x42A699: boost::_mfi::mf1<void, websocket::TCPAcceptor, boost::system::error_code const&>::operator()(websocket::TCPAcceptor*, boost::system::error_code const&) const (in /home/alex/Program/BoostHTTPSServer/BoostHTMLServer3/run)
==5461==    by 0x42A5A2: void boost::_bi::list2<boost::_bi::value<websocket::TCPAcceptor*>, boost::arg<1> (*)()>::operator()<boost::_mfi::mf1<void, websocket::TCPAcceptor, boost::system::error_code const&>, boost::_bi::list1<boost::system::error_code const&> >(boost::_bi::type<void>, boost::_mfi::mf1<void, websocket::TCPAcceptor, boost::system::error_code const&>&, boost::_bi::list1<boost::system::error_code const&>&, int) (in /home/alex/Program/BoostHTTPSServer/BoostHTMLServer3/run)
==5461==    by 0x42A487: void boost::_bi::bind_t<void, boost::_mfi::mf1<void, websocket::TCPAcceptor, boost::system::error_code const&>, boost::_bi::list2<boost::_bi::value<websocket::TCPAcceptor*>, boost::arg<1> (*)()> >::operator()<boost::system::error_code>(boost::system::error_code const&) (in /home/alex/Program/BoostHTTPSServer/BoostHTMLServer3/run)
==5461==    by 0x42A39A: boost::asio::detail::binder1<boost::_bi::bind_t<void, boost::_mfi::mf1<void, websocket::TCPAcceptor, boost::system::error_code const&>, boost::_bi::list2<boost::_bi::value<websocket::TCPAcceptor*>, boost::arg<1> (*)()> >, boost::system::error_code>::operator()() (in /home/alex/Program/BoostHTTPSServer/BoostHTMLServer3/run)
==5461==    by 0x42A15E: void boost::asio::asio_handler_invoke<boost::asio::detail::binder1<boost::_bi::bind_t<void, boost::_mfi::mf1<void, websocket::TCPAcceptor, boost::system::error_code const&>, boost::_bi::list2<boost::_bi::value<websocket::TCPAcceptor*>, boost::arg<1> (*)()> >, boost::system::error_code> >(boost::asio::detail::binder1<boost::_bi::bind_t<void, boost::_mfi::mf1<void, websocket::TCPAcceptor, boost::system::error_code const&>, boost::_bi::list2<boost::_bi::value<websocket::TCPAcceptor*>, boost::arg<1> (*)()> >, boost::system::error_code>, ...) (in /home/alex/Program/BoostHTTPSServer/BoostHTMLServer3/run)
==5461==    by 0x429D95: void boost_asio_handler_invoke_helpers::invoke<boost::asio::detail::binder1<boost::_bi::bind_t<void, boost::_mfi::mf1<void, websocket::TCPAcceptor, boost::system::error_code const&>, boost::_bi::list2<boost::_bi::value<websocket::TCPAcceptor*>, boost::arg<1> (*)()> >, boost::system::error_code>, boost::_bi::bind_t<void, boost::_mfi::mf1<void, websocket::TCPAcceptor, boost::system::error_code const&>, boost::_bi::list2<boost::_bi::value<websocket::TCPAcceptor*>, boost::arg<1> (*)()> > >(boost::asio::detail::binder1<boost::_bi::bind_t<void, boost::_mfi::mf1<void, websocket::TCPAcceptor, boost::system::error_code const&>, boost::_bi::list2<boost::_bi::value<websocket::TCPAcceptor*>, boost::arg<1> (*)()> >, boost::system::error_code>&, boost::_bi::bind_t<void, boost::_mfi::mf1<void, websocket::TCPAcceptor, boost::system::error_code const&>, boost::_bi::list2<boost::_bi::value<websocket::TCPAcceptor*>, boost::arg<1> (*)()> >&) (in /home/alex/Program/BoostHTTPSServer/BoostHTMLServer3/run)
==5461==    by 0x4296D9: boost::asio::detail::reactive_socket_accept_op<boost::asio::basic_socket<boost::asio::ip::tcp, boost::asio::stream_socket_service<boost::asio::ip::tcp> >, boost::asio::ip::tcp, boost::_bi::bind_t<void, boost::_mfi::mf1<void, websocket::TCPAcceptor, boost::system::error_code const&>, boost::_bi::list2<boost::_bi::value<websocket::TCPAcceptor*>, boost::arg<1> (*)()> > >::do_complete(boost::asio::detail::task_io_service*, boost::asio::detail::task_io_service_operation*, boost::system::error_code const&, unsigned long) (in /home/alex/Program/BoostHTTPSServer/BoostHTMLServer3/run)
==5461==    by 0x4190E7: boost::asio::detail::task_io_service_operation::complete(boost::asio::detail::task_io_service&, boost::system::error_code const&, unsigned long) (in /home/alex/Program/BoostHTTPSServer/BoostHTMLServer3/run)
==5461==    by 0x4204A2: boost::asio::detail::epoll_reactor::descriptor_state::do_complete(boost::asio::detail::task_io_service*, boost::asio::detail::task_io_service_operation*, boost::system::error_code const&, unsigned long) (in /home/alex/Program/BoostHTTPSServer/BoostHTMLServer3/run)
==5461== 
==5461== 320 bytes in 1 blocks are possibly lost in loss record 14 of 20
==5461==    at 0x4C2CC70: calloc (in /usr/lib/valgrind/vgpreload_memcheck-amd64-linux.so)
==5461==    by 0x4012E54: allocate_dtv (dl-tls.c:296)
==5461==    by 0x4012E54: _dl_allocate_tls (dl-tls.c:460)
==5461==    by 0x6397DA0: allocate_stack (allocatestack.c:589)
==5461==    by 0x6397DA0: pthread_create@@GLIBC_2.2.5 (pthread_create.c:500)
==5461==    by 0x5B61CAE: std::thread::_M_start_thread(std::shared_ptr<std::thread::_Impl_base>) (in /usr/lib/x86_64-linux-gnu/libstdc++.so.6.0.19)
==5461==    by 0x41AC95: std::thread::thread<void (websocket::Server::*)(), websocket::Server* const>(void (websocket::Server::*&&)(), websocket::Server* const&&) (in /home/alex/Program/BoostHTTPSServer/BoostHTMLServer3/run)
==5461==    by 0x4186CE: websocket::Server::asyncInitServer(unsigned short) (in /home/alex/Program/BoostHTTPSServer/BoostHTMLServer3/run)
==5461==    by 0x41D97A: main (in /home/alex/Program/BoostHTTPSServer/BoostHTMLServer3/run)
==5461== 
==5461== 1,048 (24 direct, 1,024 indirect) bytes in 1 blocks are definitely lost in loss record 19 of 20
==5461==    at 0x4C2B0E0: operator new(unsigned long) (in /usr/lib/valgrind/vgpreload_memcheck-amd64-linux.so)
==5461==    by 0x42B7C6: websocket::TCPConnection::startRead() (in /home/alex/Program/BoostHTTPSServer/BoostHTMLServer3/run)
==5461==    by 0x42B4AC: websocket::TCPConnection::asyncSSLHandshake(boost::system::error_code const&) (in /home/alex/Program/BoostHTTPSServer/BoostHTMLServer3/run)
==5461==    by 0x435A6A: void boost::_mfi::mf1<void, websocket::TCPConnection, boost::system::error_code const&>::call<boost::shared_ptr<websocket::TCPConnection>, boost::system::error_code const>(boost::shared_ptr<websocket::TCPConnection>&, void const*, boost::system::error_code const&) const (in /home/alex/Program/BoostHTTPSServer/BoostHTMLServer3/run)
==5461==    by 0x43480D: void boost::_mfi::mf1<void, websocket::TCPConnection, boost::system::error_code const&>::operator()<boost::shared_ptr<websocket::TCPConnection> >(boost::shared_ptr<websocket::TCPConnection>&, boost::system::error_code const&) const (in /home/alex/Program/BoostHTTPSServer/BoostHTMLServer3/run)
==5461==    by 0x434DA2: void boost::_bi::list2<boost::_bi::value<boost::shared_ptr<websocket::TCPConnection> >, boost::arg<1> (*)()>::operator()<boost::_mfi::mf1<void, websocket::TCPConnection, boost::system::error_code const&>, boost::_bi::list1<boost::system::error_code const&> >(boost::_bi::type<void>, boost::_mfi::mf1<void, websocket::TCPConnection, boost::system::error_code const&>&, boost::_bi::list1<boost::system::error_code const&>&, int) (in /home/alex/Program/BoostHTTPSServer/BoostHTMLServer3/run)
==5461==    by 0x43348B: void boost::_bi::bind_t<void, boost::_mfi::mf1<void, websocket::TCPConnection, boost::system::error_code const&>, boost::_bi::list2<boost::_bi::value<boost::shared_ptr<websocket::TCPConnection> >, boost::arg<1> (*)()> >::operator()<boost::system::error_code>(boost::system::error_code const&) (in /home/alex/Program/BoostHTTPSServer/BoostHTMLServer3/run)
==5461==    by 0x4324F4: void boost::asio::ssl::detail::handshake_op::call_handler<boost::_bi::bind_t<void, boost::_mfi::mf1<void, websocket::TCPConnection, boost::system::error_code const&>, boost::_bi::list2<boost::_bi::value<boost::shared_ptr<websocket::TCPConnection> >, boost::arg<1> (*)()> > >(boost::_bi::bind_t<void, boost::_mfi::mf1<void, websocket::TCPConnection, boost::system::error_code const&>, boost::_bi::list2<boost::_bi::value<boost::shared_ptr<websocket::TCPConnection> >, boost::arg<1> (*)()> >&, boost::system::error_code const&, unsigned long const&) const (in /home/alex/Program/BoostHTTPSServer/BoostHTMLServer3/run)
==5461==    by 0x430F9B: boost::asio::ssl::detail::io_op<boost::asio::basic_stream_socket<boost::asio::ip::tcp, boost::asio::stream_socket_service<boost::asio::ip::tcp> >, boost::asio::ssl::detail::handshake_op, boost::_bi::bind_t<void, boost::_mfi::mf1<void, websocket::TCPConnection, boost::system::error_code const&>, boost::_bi::list2<boost::_bi::value<boost::shared_ptr<websocket::TCPConnection> >, boost::arg<1> (*)()> > >::operator()(boost::system::error_code, unsigned long, int) (in /home/alex/Program/BoostHTTPSServer/BoostHTMLServer3/run)
==5461==    by 0x43342E: boost::asio::detail::write_op<boost::asio::basic_stream_socket<boost::asio::ip::tcp, boost::asio::stream_socket_service<boost::asio::ip::tcp> >, boost::asio::mutable_buffers_1, boost::asio::detail::transfer_all_t, boost::asio::ssl::detail::io_op<boost::asio::basic_stream_socket<boost::asio::ip::tcp, boost::asio::stream_socket_service<boost::asio::ip::tcp> >, boost::asio::ssl::detail::handshake_op, boost::_bi::bind_t<void, boost::_mfi::mf1<void, websocket::TCPConnection, boost::system::error_code const&>, boost::_bi::list2<boost::_bi::value<boost::shared_ptr<websocket::TCPConnection> >, boost::arg<1> (*)()> > > >::operator()(boost::system::error_code const&, unsigned long, int) (in /home/alex/Program/BoostHTTPSServer/BoostHTMLServer3/run)
==5461==    by 0x43BE3E: boost::asio::detail::binder2<boost::asio::detail::write_op<boost::asio::basic_stream_socket<boost::asio::ip::tcp, boost::asio::stream_socket_service<boost::asio::ip::tcp> >, boost::asio::mutable_buffers_1, boost::asio::detail::transfer_all_t, boost::asio::ssl::detail::io_op<boost::asio::basic_stream_socket<boost::asio::ip::tcp, boost::asio::stream_socket_service<boost::asio::ip::tcp> >, boost::asio::ssl::detail::handshake_op, boost::_bi::bind_t<void, boost::_mfi::mf1<void, websocket::TCPConnection, boost::system::error_code const&>, boost::_bi::list2<boost::_bi::value<boost::shared_ptr<websocket::TCPConnection> >, boost::arg<1> (*)()> > > >, boost::system::error_code, unsigned long>::operator()() (in /home/alex/Program/BoostHTTPSServer/BoostHTMLServer3/run)
==5461==    by 0x43BC36: void boost::asio::asio_handler_invoke<boost::asio::detail::binder2<boost::asio::detail::write_op<boost::asio::basic_stream_socket<boost::asio::ip::tcp, boost::asio::stream_socket_service<boost::asio::ip::tcp> >, boost::asio::mutable_buffers_1, boost::asio::detail::transfer_all_t, boost::asio::ssl::detail::io_op<boost::asio::basic_stream_socket<boost::asio::ip::tcp, boost::asio::stream_socket_service<boost::asio::ip::tcp> >, boost::asio::ssl::detail::handshake_op, boost::_bi::bind_t<void, boost::_mfi::mf1<void, websocket::TCPConnection, boost::system::error_code const&>, boost::_bi::list2<boost::_bi::value<boost::shared_ptr<websocket::TCPConnection> >, boost::arg<1> (*)()> > > >, boost::system::error_code, unsigned long> >(boost::asio::detail::binder2<boost::asio::detail::write_op<boost::asio::basic_stream_socket<boost::asio::ip::tcp, boost::asio::stream_socket_service<boost::asio::ip::tcp> >, boost::asio::mutable_buffers_1, boost::asio::detail::transfer_all_t, boost::asio::ssl::detail::io_op<boost::asio::basic_stream_socket<boost::asio::ip::tcp, boost::asio::stream_socket_service<boost::asio::ip::tcp> >, boost::asio::ssl::detail::handshake_op, boost::_bi::bind_t<void, boost::_mfi::mf1<void, websocket::TCPConnection, boost::system::error_code const&>, boost::_bi::list2<boost::_bi::value<boost::shared_ptr<websocket::TCPConnection> >, boost::arg<1> (*)()> > > >, boost::system::error_code, unsigned long>, ...) (in /home/alex/Program/BoostHTTPSServer/BoostHTMLServer3/run)
==5461== 
==5461== 1,048 (24 direct, 1,024 indirect) bytes in 1 blocks are definitely lost in loss record 20 of 20
==5461==    at 0x4C2B0E0: operator new(unsigned long) (in /usr/lib/valgrind/vgpreload_memcheck-amd64-linux.so)
==5461==    by 0x42B7C6: websocket::TCPConnection::startRead() (in /home/alex/Program/BoostHTTPSServer/BoostHTMLServer3/run)
==5461==    by 0x42C141: websocket::TCPConnection::asyncReceive(boost::system::error_code const&, unsigned int) (in /home/alex/Program/BoostHTTPSServer/BoostHTMLServer3/run)
==5461==    by 0x43778C: void boost::_mfi::mf2<void, websocket::TCPConnection, boost::system::error_code const&, unsigned int>::call<boost::shared_ptr<websocket::TCPConnection>, boost::system::error_code const, unsigned int>(boost::shared_ptr<websocket::TCPConnection>&, void const*, boost::system::error_code const&, unsigned int&) const (in /home/alex/Program/BoostHTTPSServer/BoostHTMLServer3/run)
==5461==    by 0x43619B: void boost::_mfi::mf2<void, websocket::TCPConnection, boost::system::error_code const&, unsigned int>::operator()<boost::shared_ptr<websocket::TCPConnection> >(boost::shared_ptr<websocket::TCPConnection>&, boost::system::error_code const&, unsigned int) const (in /home/alex/Program/BoostHTTPSServer/BoostHTMLServer3/run)
==5461==    by 0x4352D6: void boost::_bi::list3<boost::_bi::value<boost::shared_ptr<websocket::TCPConnection> >, boost::arg<1> (*)(), boost::arg<2> (*)()>::operator()<boost::_mfi::mf2<void, websocket::TCPConnection, boost::system::error_code const&, unsigned int>, boost::_bi::list2<boost::system::error_code const&, unsigned long const&> >(boost::_bi::type<void>, boost::_mfi::mf2<void, websocket::TCPConnection, boost::system::error_code const&, unsigned int>&, boost::_bi::list2<boost::system::error_code const&, unsigned long const&>&, int) (in /home/alex/Program/BoostHTTPSServer/BoostHTMLServer3/run)
==5461==    by 0x433C61: void boost::_bi::bind_t<void, boost::_mfi::mf2<void, websocket::TCPConnection, boost::system::error_code const&, unsigned int>, boost::_bi::list3<boost::_bi::value<boost::shared_ptr<websocket::TCPConnection> >, boost::arg<1> (*)(), boost::arg<2> (*)()> >::operator()<boost::system::error_code, unsigned long>(boost::system::error_code const&, unsigned long const&) (in /home/alex/Program/BoostHTTPSServer/BoostHTMLServer3/run)
==5461==    by 0x43298E: void boost::asio::ssl::detail::read_op<boost::asio::mutable_buffers_1>::call_handler<boost::_bi::bind_t<void, boost::_mfi::mf2<void, websocket::TCPConnection, boost::system::error_code const&, unsigned int>, boost::_bi::list3<boost::_bi::value<boost::shared_ptr<websocket::TCPConnection> >, boost::arg<1> (*)(), boost::arg<2> (*)()> > >(boost::_bi::bind_t<void, boost::_mfi::mf2<void, websocket::TCPConnection, boost::system::error_code const&, unsigned int>, boost::_bi::list3<boost::_bi::value<boost::shared_ptr<websocket::TCPConnection> >, boost::arg<1> (*)(), boost::arg<2> (*)()> >&, boost::system::error_code const&, unsigned long const&) const (in /home/alex/Program/BoostHTTPSServer/BoostHTMLServer3/run)
==5461==    by 0x4317E1: boost::asio::ssl::detail::io_op<boost::asio::basic_stream_socket<boost::asio::ip::tcp, boost::asio::stream_socket_service<boost::asio::ip::tcp> >, boost::asio::ssl::detail::read_op<boost::asio::mutable_buffers_1>, boost::_bi::bind_t<void, boost::_mfi::mf2<void, websocket::TCPConnection, boost::system::error_code const&, unsigned int>, boost::_bi::list3<boost::_bi::value<boost::shared_ptr<websocket::TCPConnection> >, boost::arg<1> (*)(), boost::arg<2> (*)()> > >::operator()(boost::system::error_code, unsigned long, int) (in /home/alex/Program/BoostHTTPSServer/BoostHTMLServer3/run)
==5461==    by 0x43B32D: boost::asio::detail::binder2<boost::asio::ssl::detail::io_op<boost::asio::basic_stream_socket<boost::asio::ip::tcp, boost::asio::stream_socket_service<boost::asio::ip::tcp> >, boost::asio::ssl::detail::read_op<boost::asio::mutable_buffers_1>, boost::_bi::bind_t<void, boost::_mfi::mf2<void, websocket::TCPConnection, boost::system::error_code const&, unsigned int>, boost::_bi::list3<boost::_bi::value<boost::shared_ptr<websocket::TCPConnection> >, boost::arg<1> (*)(), boost::arg<2> (*)()> > >, boost::system::error_code, unsigned long>::operator()() (in /home/alex/Program/BoostHTTPSServer/BoostHTMLServer3/run)
==5461==    by 0x43ACE8: void boost::asio::asio_handler_invoke<boost::asio::detail::binder2<boost::asio::ssl::detail::io_op<boost::asio::basic_stream_socket<boost::asio::ip::tcp, boost::asio::stream_socket_service<boost::asio::ip::tcp> >, boost::asio::ssl::detail::read_op<boost::asio::mutable_buffers_1>, boost::_bi::bind_t<void, boost::_mfi::mf2<void, websocket::TCPConnection, boost::system::error_code const&, unsigned int>, boost::_bi::list3<boost::_bi::value<boost::shared_ptr<websocket::TCPConnection> >, boost::arg<1> (*)(), boost::arg<2> (*)()> > >, boost::system::error_code, unsigned long> >(boost::asio::detail::binder2<boost::asio::ssl::detail::io_op<boost::asio::basic_stream_socket<boost::asio::ip::tcp, boost::asio::stream_socket_service<boost::asio::ip::tcp> >, boost::asio::ssl::detail::read_op<boost::asio::mutable_buffers_1>, boost::_bi::bind_t<void, boost::_mfi::mf2<void, websocket::TCPConnection, boost::system::error_code const&, unsigned int>, boost::_bi::list3<boost::_bi::value<boost::shared_ptr<websocket::TCPConnection> >, boost::arg<1> (*)(), boost::arg<2> (*)()> > >, boost::system::error_code, unsigned long>, ...) (in /home/alex/Program/BoostHTTPSServer/BoostHTMLServer3/run)
==5461==    by 0x43A3CC: void boost_asio_handler_invoke_helpers::invoke<boost::asio::detail::binder2<boost::asio::ssl::detail::io_op<boost::asio::basic_stream_socket<boost::asio::ip::tcp, boost::asio::stream_socket_service<boost::asio::ip::tcp> >, boost::asio::ssl::detail::read_op<boost::asio::mutable_buffers_1>, boost::_bi::bind_t<void, boost::_mfi::mf2<void, websocket::TCPConnection, boost::system::error_code const&, unsigned int>, boost::_bi::list3<boost::_bi::value<boost::shared_ptr<websocket::TCPConnection> >, boost::arg<1> (*)(), boost::arg<2> (*)()> > >, boost::system::error_code, unsigned long>, boost::_bi::bind_t<void, boost::_mfi::mf2<void, websocket::TCPConnection, boost::system::error_code const&, unsigned int>, boost::_bi::list3<boost::_bi::value<boost::shared_ptr<websocket::TCPConnection> >, boost::arg<1> (*)(), boost::arg<2> (*)()> > >(boost::asio::detail::binder2<boost::asio::ssl::detail::io_op<boost::asio::basic_stream_socket<boost::asio::ip::tcp, boost::asio::stream_socket_service<boost::asio::ip::tcp> >, boost::asio::ssl::detail::read_op<boost::asio::mutable_buffers_1>, boost::_bi::bind_t<void, boost::_mfi::mf2<void, websocket::TCPConnection, boost::system::error_code const&, unsigned int>, boost::_bi::list3<boost::_bi::value<boost::shared_ptr<websocket::TCPConnection> >, boost::arg<1> (*)(), boost::arg<2> (*)()> > >, boost::system::error_code, unsigned long>&, boost::_bi::bind_t<void, boost::_mfi::mf2<void, websocket::TCPConnection, boost::system::error_code const&, unsigned int>, boost::_bi::list3<boost::_bi::value<boost::shared_ptr<websocket::TCPConnection> >, boost::arg<1> (*)(), boost::arg<2> (*)()> >&) (in /home/alex/Program/BoostHTTPSServer/BoostHTMLServer3/run)
==5461== 
==5461== LEAK SUMMARY:
==5461==    definitely lost: 99 bytes in 7 blocks
==5461==    indirectly lost: 2,064 bytes in 6 blocks
==5461==      possibly lost: 320 bytes in 1 blocks
==5461==    still reachable: 1,913 bytes in 10 blocks
==5461==         suppressed: 0 bytes in 0 blocks
==5461== Reachable blocks (those to which a pointer was found) are not shown.
==5461== To see them, rerun with: --leak-check=full --show-leak-kinds=all
==5461== 
==5461== ERROR SUMMARY: 7 errors from 7 contexts (suppressed: 0 from 0)
==5461== 
==5461== 1 errors in context 1 of 7:
==5461== Thread 2:
==5461== Invalid read of size 1
==5461==    at 0x4C2E0F4: strlen (in /usr/lib/valgrind/vgpreload_memcheck-amd64-linux.so)
==5461==    by 0x5B44EB8: std::basic_ostream<char, std::char_traits<char> >& std::operator<< <std::char_traits<char> >(std::basic_ostream<char, std::char_traits<char> >&, char const*) (in /usr/lib/x86_64-linux-gnu/libstdc++.so.6.0.19)
==5461==    by 0x40E79C: websocket::HeaderManager::decryptHeaderFromBigEndian(char*, unsigned int, bool&, boost::shared_ptr<websocket::dataframe>, unsigned int) (in /home/alex/Program/BoostHTTPSServer/BoostHTMLServer3/run)
==5461==    by 0x40E342: websocket::HeaderManager::decryptHeader(char*, unsigned int, bool&, boost::shared_ptr<websocket::dataframe>, unsigned int) (in /home/alex/Program/BoostHTTPSServer/BoostHTMLServer3/run)
==5461==    by 0x42BE7B: websocket::TCPConnection::asyncReceive(boost::system::error_code const&, unsigned int) (in /home/alex/Program/BoostHTTPSServer/BoostHTMLServer3/run)
==5461==    by 0x43778C: void boost::_mfi::mf2<void, websocket::TCPConnection, boost::system::error_code const&, unsigned int>::call<boost::shared_ptr<websocket::TCPConnection>, boost::system::error_code const, unsigned int>(boost::shared_ptr<websocket::TCPConnection>&, void const*, boost::system::error_code const&, unsigned int&) const (in /home/alex/Program/BoostHTTPSServer/BoostHTMLServer3/run)
==5461==    by 0x43619B: void boost::_mfi::mf2<void, websocket::TCPConnection, boost::system::error_code const&, unsigned int>::operator()<boost::shared_ptr<websocket::TCPConnection> >(boost::shared_ptr<websocket::TCPConnection>&, boost::system::error_code const&, unsigned int) const (in /home/alex/Program/BoostHTTPSServer/BoostHTMLServer3/run)
==5461==    by 0x4352D6: void boost::_bi::list3<boost::_bi::value<boost::shared_ptr<websocket::TCPConnection> >, boost::arg<1> (*)(), boost::arg<2> (*)()>::operator()<boost::_mfi::mf2<void, websocket::TCPConnection, boost::system::error_code const&, unsigned int>, boost::_bi::list2<boost::system::error_code const&, unsigned long const&> >(boost::_bi::type<void>, boost::_mfi::mf2<void, websocket::TCPConnection, boost::system::error_code const&, unsigned int>&, boost::_bi::list2<boost::system::error_code const&, unsigned long const&>&, int) (in /home/alex/Program/BoostHTTPSServer/BoostHTMLServer3/run)
==5461==    by 0x433C61: void boost::_bi::bind_t<void, boost::_mfi::mf2<void, websocket::TCPConnection, boost::system::error_code const&, unsigned int>, boost::_bi::list3<boost::_bi::value<boost::shared_ptr<websocket::TCPConnection> >, boost::arg<1> (*)(), boost::arg<2> (*)()> >::operator()<boost::system::error_code, unsigned long>(boost::system::error_code const&, unsigned long const&) (in /home/alex/Program/BoostHTTPSServer/BoostHTMLServer3/run)
==5461==    by 0x43298E: void boost::asio::ssl::detail::read_op<boost::asio::mutable_buffers_1>::call_handler<boost::_bi::bind_t<void, boost::_mfi::mf2<void, websocket::TCPConnection, boost::system::error_code const&, unsigned int>, boost::_bi::list3<boost::_bi::value<boost::shared_ptr<websocket::TCPConnection> >, boost::arg<1> (*)(), boost::arg<2> (*)()> > >(boost::_bi::bind_t<void, boost::_mfi::mf2<void, websocket::TCPConnection, boost::system::error_code const&, unsigned int>, boost::_bi::list3<boost::_bi::value<boost::shared_ptr<websocket::TCPConnection> >, boost::arg<1> (*)(), boost::arg<2> (*)()> >&, boost::system::error_code const&, unsigned long const&) const (in /home/alex/Program/BoostHTTPSServer/BoostHTMLServer3/run)
==5461==    by 0x4317E1: boost::asio::ssl::detail::io_op<boost::asio::basic_stream_socket<boost::asio::ip::tcp, boost::asio::stream_socket_service<boost::asio::ip::tcp> >, boost::asio::ssl::detail::read_op<boost::asio::mutable_buffers_1>, boost::_bi::bind_t<void, boost::_mfi::mf2<void, websocket::TCPConnection, boost::system::error_code const&, unsigned int>, boost::_bi::list3<boost::_bi::value<boost::shared_ptr<websocket::TCPConnection> >, boost::arg<1> (*)(), boost::arg<2> (*)()> > >::operator()(boost::system::error_code, unsigned long, int) (in /home/alex/Program/BoostHTTPSServer/BoostHTMLServer3/run)
==5461==    by 0x43B32D: boost::asio::detail::binder2<boost::asio::ssl::detail::io_op<boost::asio::basic_stream_socket<boost::asio::ip::tcp, boost::asio::stream_socket_service<boost::asio::ip::tcp> >, boost::asio::ssl::detail::read_op<boost::asio::mutable_buffers_1>, boost::_bi::bind_t<void, boost::_mfi::mf2<void, websocket::TCPConnection, boost::system::error_code const&, unsigned int>, boost::_bi::list3<boost::_bi::value<boost::shared_ptr<websocket::TCPConnection> >, boost::arg<1> (*)(), boost::arg<2> (*)()> > >, boost::system::error_code, unsigned long>::operator()() (in /home/alex/Program/BoostHTTPSServer/BoostHTMLServer3/run)
==5461==  Address 0x6ddb056 is 0 bytes after a block of size 6 alloc'd
==5461==    at 0x4C2B800: operator new[](unsigned long) (in /usr/lib/valgrind/vgpreload_memcheck-amd64-linux.so)
==5461==    by 0x40E74E: websocket::HeaderManager::decryptHeaderFromBigEndian(char*, unsigned int, bool&, boost::shared_ptr<websocket::dataframe>, unsigned int) (in /home/alex/Program/BoostHTTPSServer/BoostHTMLServer3/run)
==5461==    by 0x40E342: websocket::HeaderManager::decryptHeader(char*, unsigned int, bool&, boost::shared_ptr<websocket::dataframe>, unsigned int) (in /home/alex/Program/BoostHTTPSServer/BoostHTMLServer3/run)
==5461==    by 0x42BE7B: websocket::TCPConnection::asyncReceive(boost::system::error_code const&, unsigned int) (in /home/alex/Program/BoostHTTPSServer/BoostHTMLServer3/run)
==5461==    by 0x43778C: void boost::_mfi::mf2<void, websocket::TCPConnection, boost::system::error_code const&, unsigned int>::call<boost::shared_ptr<websocket::TCPConnection>, boost::system::error_code const, unsigned int>(boost::shared_ptr<websocket::TCPConnection>&, void const*, boost::system::error_code const&, unsigned int&) const (in /home/alex/Program/BoostHTTPSServer/BoostHTMLServer3/run)
==5461==    by 0x43619B: void boost::_mfi::mf2<void, websocket::TCPConnection, boost::system::error_code const&, unsigned int>::operator()<boost::shared_ptr<websocket::TCPConnection> >(boost::shared_ptr<websocket::TCPConnection>&, boost::system::error_code const&, unsigned int) const (in /home/alex/Program/BoostHTTPSServer/BoostHTMLServer3/run)
==5461==    by 0x4352D6: void boost::_bi::list3<boost::_bi::value<boost::shared_ptr<websocket::TCPConnection> >, boost::arg<1> (*)(), boost::arg<2> (*)()>::operator()<boost::_mfi::mf2<void, websocket::TCPConnection, boost::system::error_code const&, unsigned int>, boost::_bi::list2<boost::system::error_code const&, unsigned long const&> >(boost::_bi::type<void>, boost::_mfi::mf2<void, websocket::TCPConnection, boost::system::error_code const&, unsigned int>&, boost::_bi::list2<boost::system::error_code const&, unsigned long const&>&, int) (in /home/alex/Program/BoostHTTPSServer/BoostHTMLServer3/run)
==5461==    by 0x433C61: void boost::_bi::bind_t<void, boost::_mfi::mf2<void, websocket::TCPConnection, boost::system::error_code const&, unsigned int>, boost::_bi::list3<boost::_bi::value<boost::shared_ptr<websocket::TCPConnection> >, boost::arg<1> (*)(), boost::arg<2> (*)()> >::operator()<boost::system::error_code, unsigned long>(boost::system::error_code const&, unsigned long const&) (in /home/alex/Program/BoostHTTPSServer/BoostHTMLServer3/run)
==5461==    by 0x43298E: void boost::asio::ssl::detail::read_op<boost::asio::mutable_buffers_1>::call_handler<boost::_bi::bind_t<void, boost::_mfi::mf2<void, websocket::TCPConnection, boost::system::error_code const&, unsigned int>, boost::_bi::list3<boost::_bi::value<boost::shared_ptr<websocket::TCPConnection> >, boost::arg<1> (*)(), boost::arg<2> (*)()> > >(boost::_bi::bind_t<void, boost::_mfi::mf2<void, websocket::TCPConnection, boost::system::error_code const&, unsigned int>, boost::_bi::list3<boost::_bi::value<boost::shared_ptr<websocket::TCPConnection> >, boost::arg<1> (*)(), boost::arg<2> (*)()> >&, boost::system::error_code const&, unsigned long const&) const (in /home/alex/Program/BoostHTTPSServer/BoostHTMLServer3/run)
==5461==    by 0x4317E1: boost::asio::ssl::detail::io_op<boost::asio::basic_stream_socket<boost::asio::ip::tcp, boost::asio::stream_socket_service<boost::asio::ip::tcp> >, boost::asio::ssl::detail::read_op<boost::asio::mutable_buffers_1>, boost::_bi::bind_t<void, boost::_mfi::mf2<void, websocket::TCPConnection, boost::system::error_code const&, unsigned int>, boost::_bi::list3<boost::_bi::value<boost::shared_ptr<websocket::TCPConnection> >, boost::arg<1> (*)(), boost::arg<2> (*)()> > >::operator()(boost::system::error_code, unsigned long, int) (in /home/alex/Program/BoostHTTPSServer/BoostHTMLServer3/run)
==5461==    by 0x43B32D: boost::asio::detail::binder2<boost::asio::ssl::detail::io_op<boost::asio::basic_stream_socket<boost::asio::ip::tcp, boost::asio::stream_socket_service<boost::asio::ip::tcp> >, boost::asio::ssl::detail::read_op<boost::asio::mutable_buffers_1>, boost::_bi::bind_t<void, boost::_mfi::mf2<void, websocket::TCPConnection, boost::system::error_code const&, unsigned int>, boost::_bi::list3<boost::_bi::value<boost::shared_ptr<websocket::TCPConnection> >, boost::arg<1> (*)(), boost::arg<2> (*)()> > >, boost::system::error_code, unsigned long>::operator()() (in /home/alex/Program/BoostHTTPSServer/BoostHTMLServer3/run)
==5461==    by 0x43ACE8: void boost::asio::asio_handler_invoke<boost::asio::detail::binder2<boost::asio::ssl::detail::io_op<boost::asio::basic_stream_socket<boost::asio::ip::tcp, boost::asio::stream_socket_service<boost::asio::ip::tcp> >, boost::asio::ssl::detail::read_op<boost::asio::mutable_buffers_1>, boost::_bi::bind_t<void, boost::_mfi::mf2<void, websocket::TCPConnection, boost::system::error_code const&, unsigned int>, boost::_bi::list3<boost::_bi::value<boost::shared_ptr<websocket::TCPConnection> >, boost::arg<1> (*)(), boost::arg<2> (*)()> > >, boost::system::error_code, unsigned long> >(boost::asio::detail::binder2<boost::asio::ssl::detail::io_op<boost::asio::basic_stream_socket<boost::asio::ip::tcp, boost::asio::stream_socket_service<boost::asio::ip::tcp> >, boost::asio::ssl::detail::read_op<boost::asio::mutable_buffers_1>, boost::_bi::bind_t<void, boost::_mfi::mf2<void, websocket::TCPConnection, boost::system::error_code const&, unsigned int>, boost::_bi::list3<boost::_bi::value<boost::shared_ptr<websocket::TCPConnection> >, boost::arg<1> (*)(), boost::arg<2> (*)()> > >, boost::system::error_code, unsigned long>, ...) (in /home/alex/Program/BoostHTTPSServer/BoostHTMLServer3/run)
==5461== 
==5461== ERROR SUMMARY: 7 errors from 7 contexts (suppressed: 0 from 0)
